{
"/Users/hutu/webwork/test-example/app.js":{"path":"/Users/hutu/webwork/test-example/app.js","s":{"1":1,"2":1,"3":1,"4":1,"5":1,"6":1,"7":1,"8":1,"9":2,"10":2,"11":1,"12":1,"13":1,"14":2,"15":2,"16":5,"17":2,"18":1,"19":2,"20":2,"21":2,"22":2,"23":2,"24":1,"25":1,"26":1,"27":1,"28":1,"29":1,"30":1},"b":{"1":[1,1],"2":[1,1],"3":[2,0],"4":[2,0],"5":[1,1]},"f":{"1":2,"2":2,"3":5,"4":2,"5":2,"6":1,"7":1},"fnMap":{"1":{"name":"(anonymous_1)","line":13,"loc":{"start":{"line":13,"column":24},"end":{"line":13,"column":44}}},"2":{"name":"(anonymous_2)","line":26,"loc":{"start":{"line":26,"column":23},"end":{"line":26,"column":42}}},"3":{"name":"(anonymous_3)","line":28,"loc":{"start":{"line":28,"column":38},"end":{"line":28,"column":54}}},"4":{"name":"(anonymous_4)","line":35,"loc":{"start":{"line":35,"column":23},"end":{"line":35,"column":42}}},"5":{"name":"(anonymous_5)","line":41,"loc":{"start":{"line":41,"column":6},"end":{"line":41,"column":30}}},"6":{"name":"(anonymous_6)","line":51,"loc":{"start":{"line":51,"column":13},"end":{"line":51,"column":32}}},"7":{"name":"(anonymous_7)","line":55,"loc":{"start":{"line":55,"column":27},"end":{"line":55,"column":39}}}},"statementMap":{"1":{"start":{"line":3,"column":0},"end":{"line":3,"column":33}},"2":{"start":{"line":4,"column":0},"end":{"line":4,"column":23}},"3":{"start":{"line":5,"column":0},"end":{"line":5,"column":39}},"4":{"start":{"line":6,"column":0},"end":{"line":6,"column":20}},"5":{"start":{"line":8,"column":0},"end":{"line":8,"column":43}},"6":{"start":{"line":9,"column":0},"end":{"line":9,"column":47}},"7":{"start":{"line":10,"column":0},"end":{"line":10,"column":57}},"8":{"start":{"line":13,"column":0},"end":{"line":23,"column":3}},"9":{"start":{"line":14,"column":1},"end":{"line":14,"column":25}},"10":{"start":{"line":15,"column":1},"end":{"line":22,"column":2}},"11":{"start":{"line":16,"column":2},"end":{"line":19,"column":5}},"12":{"start":{"line":21,"column":2},"end":{"line":21,"column":32}},"13":{"start":{"line":26,"column":0},"end":{"line":32,"column":3}},"14":{"start":{"line":27,"column":1},"end":{"line":27,"column":19}},"15":{"start":{"line":28,"column":1},"end":{"line":30,"column":4}},"16":{"start":{"line":29,"column":2},"end":{"line":29,"column":75}},"17":{"start":{"line":31,"column":1},"end":{"line":31,"column":39}},"18":{"start":{"line":35,"column":0},"end":{"line":49,"column":3}},"19":{"start":{"line":36,"column":1},"end":{"line":36,"column":138}},"20":{"start":{"line":37,"column":1},"end":{"line":37,"column":65}},"21":{"start":{"line":39,"column":1},"end":{"line":48,"column":4}},"22":{"start":{"line":42,"column":2},"end":{"line":42,"column":51}},"23":{"start":{"line":43,"column":2},"end":{"line":47,"column":3}},"24":{"start":{"line":44,"column":3},"end":{"line":44,"column":43}},"25":{"start":{"line":46,"column":3},"end":{"line":46,"column":33}},"26":{"start":{"line":51,"column":0},"end":{"line":53,"column":3}},"27":{"start":{"line":52,"column":1},"end":{"line":52,"column":64}},"28":{"start":{"line":55,"column":0},"end":{"line":57,"column":3}},"29":{"start":{"line":56,"column":1},"end":{"line":56,"column":64}},"30":{"start":{"line":59,"column":0},"end":{"line":59,"column":21}}},"branchMap":{"1":{"line":8,"type":"binary-expr","locations":[{"start":{"line":8,"column":16},"end":{"line":8,"column":32}},{"start":{"line":8,"column":36},"end":{"line":8,"column":40}}]},"2":{"line":15,"type":"if","locations":[{"start":{"line":15,"column":1},"end":{"line":15,"column":1}},{"start":{"line":15,"column":1},"end":{"line":15,"column":1}}]},"3":{"line":36,"type":"cond-expr","locations":[{"start":{"line":36,"column":114},"end":{"line":36,"column":130}},{"start":{"line":36,"column":131},"end":{"line":36,"column":137},"skip":true}]},"4":{"line":36,"type":"binary-expr","locations":[{"start":{"line":36,"column":11},"end":{"line":36,"column":40}},{"start":{"line":36,"column":70},"end":{"line":36,"column":86},"skip":true}]},"5":{"line":43,"type":"if","locations":[{"start":{"line":43,"column":2},"end":{"line":43,"column":2}},{"start":{"line":43,"column":2},"end":{"line":43,"column":2}}]}},"l":{"3":1,"4":1,"5":1,"6":1,"8":1,"9":1,"10":1,"13":1,"14":2,"15":2,"16":1,"21":1,"26":1,"27":2,"28":2,"29":5,"31":2,"35":1,"36":2,"37":2,"39":2,"42":2,"43":2,"44":1,"46":1,"51":1,"52":1,"55":1,"56":1,"59":1}}}
