TN:
SF:/Users/hutu/webwork/test-example/app.js
FN:13,(anonymous_1)
FN:26,(anonymous_2)
FN:28,(anonymous_3)
FN:35,(anonymous_4)
FN:41,(anonymous_5)
FN:51,(anonymous_6)
FN:55,(anonymous_7)
FNF:7
FNH:7
FNDA:2,(anonymous_1)
FNDA:2,(anonymous_2)
FNDA:5,(anonymous_3)
FNDA:2,(anonymous_4)
FNDA:2,(anonymous_5)
FNDA:1,(anonymous_6)
FNDA:1,(anonymous_7)
DA:3,1
DA:4,1
DA:5,1
DA:6,1
DA:8,1
DA:9,1
DA:10,1
DA:13,1
DA:14,2
DA:15,2
DA:16,1
DA:21,1
DA:26,1
DA:27,2
DA:28,2
DA:29,5
DA:31,2
DA:35,1
DA:36,2
DA:37,2
DA:39,2
DA:42,2
DA:43,2
DA:44,1
DA:46,1
DA:51,1
DA:52,1
DA:55,1
DA:56,1
DA:59,1
LF:30
LH:30
BRDA:8,1,0,1
BRDA:8,1,1,1
BRDA:15,2,0,1
BRDA:15,2,1,1
BRDA:36,3,0,2
BRDA:36,3,1,0
BRDA:36,4,0,2
BRDA:36,4,1,0
BRDA:43,5,0,1
BRDA:43,5,1,1
BRF:10
BRH:10
end_of_record
